 16/12/2025 12:12:17 Middleware::Response Success

------------------------------------------------------------------------------
----------------------------------AutoLogOut----------------------------------
------------------------------------------------------------------------------
 16/12/2025 12:12:17 Client-Info Client Version: 0.13.0
 16/12/2025 12:12:17 Client-Info Client OS:      Windows
 16/12/2025 12:12:17 Client-Info Server Version: 
 16/12/2025 12:12:17 Middleware::Response Success
------------------------------------------------------------------------------


------------------------------------------------------------------------------
-----------------------------DefaultPrinterManager----------------------------
------------------------------------------------------------------------------
 16/12/2025 12:12:17 Client-Info Client Version: 0.13.0
 16/12/2025 12:12:17 Client-Info Client OS:      Windows
 16/12/2025 12:12:17 Client-Info Server Version: 
 16/12/2025 12:12:17 Middleware::Response Success
------------------------------------------------------------------------------


------------------------------------------------------------------------------
--------------------------------DisplayManager--------------------------------
------------------------------------------------------------------------------
 16/12/2025 12:12:17 Client-Info Client Version: 0.13.0
 16/12/2025 12:12:17 Client-Info Client OS:      Windows
 16/12/2025 12:12:17 Client-Info Server Version: 
 16/12/2025 12:12:17 Middleware::Response Success
 16/12/2025 12:12:17 DisplayManager ERROR: Invalid settings provided
------------------------------------------------------------------------------

 16/12/2025 12:12:17 Service ERROR: Unable to parse sleep time
 16/12/2025 12:12:17 Service ERROR: La cadena de entrada no tiene el formato correcto.
 16/12/2025 12:12:17 Service Sleeping for 60 seconds
 16/12/2025 12:13:17 Middleware::Response Success

------------------------------------------------------------------------------
----------------------------------AutoLogOut----------------------------------
------------------------------------------------------------------------------
 16/12/2025 12:13:17 Client-Info Client Version: 0.13.0
 16/12/2025 12:13:17 Client-Info Client OS:      Windows
 16/12/2025 12:13:17 Client-Info Server Version: 
 16/12/2025 12:13:17 Middleware::Response Success
------------------------------------------------------------------------------


------------------------------------------------------------------------------
-----------------------------DefaultPrinterManager----------------------------
------------------------------------------------------------------------------
 16/12/2025 12:13:17 Client-Info Client Version: 0.13.0
 16/12/2025 12:13:17 Client-Info Client OS:      Windows
 16/12/2025 12:13:17 Client-Info Server Version: 
 16/12/2025 12:13:17 Middleware::Response Success
------------------------------------------------------------------------------


------------------------------------------------------------------------------
--------------------------------DisplayManager--------------------------------
------------------------------------------------------------------------------
 16/12/2025 12:13:17 Client-Info Client Version: 0.13.0
 16/12/2025 12:13:17 Client-Info Client OS:      Windows
 16/12/2025 12:13:17 Client-Info Server Version: 
 16/12/2025 12:13:17 Middleware::Response Success
 16/12/2025 12:13:17 DisplayManager ERROR: Invalid settings provided
------------------------------------------------------------------------------

 16/12/2025 12:13:17 Service ERROR: Unable to parse sleep time
 16/12/2025 12:13:17 Service ERROR: La cadena de entrada no tiene el formato correcto.
 16/12/2025 12:13:17 Service Sleeping for 60 seconds
 16/12/2025 12:14:17 Middleware::Response Success

------------------------------------------------------------------------------
----------------------------------AutoLogOut----------------------------------
------------------------------------------------------------------------------
 16/12/2025 12:14:17 Client-Info Client Version: 0.13.0
 16/12/2025 12:14:17 Client-Info Client OS:      Windows
 16/12/2025 12:14:17 Client-Info Server Version: 
 16/12/2025 12:14:17 Middleware::Response Success
------------------------------------------------------------------------------


------------------------------------------------------------------------------
-----------------------------DefaultPrinterManager----------------------------
------------------------------------------------------------------------------
 16/12/2025 12:14:17 Client-Info Client Version: 0.13.0
 16/12/2025 12:14:17 Client-Info Client OS:      Windows
 16/12/2025 12:14:17 Client-Info Server Version: 
 16/12/2025 12:14:17 Middleware::Response Success
------------------------------------------------------------------------------


------------------------------------------------------------------------------
--------------------------------DisplayManager--------------------------------
------------------------------------------------------------------------------
 16/12/2025 12:14:17 Client-Info Client Version: 0.13.0
 16/12/2025 12:14:17 Client-Info Client OS:      Windows
 16/12/2025 12:14:17 Client-Info Server Version: 
 16/12/2025 12:14:17 Middleware::Response Success
 16/12/2025 12:14:17 DisplayManager ERROR: Invalid settings provided
------------------------------------------------------------------------------

 16/12/2025 12:14:17 Service ERROR: Unable to parse sleep time
 16/12/2025 12:14:17 Service ERROR: La cadena de entrada no tiene el formato correcto.
 16/12/2025 12:14:17 Service Sleeping for 60 seconds
 16/12/2025 12:15:17 Middleware::Response Success

------------------------------------------------------------------------------
----------------------------------AutoLogOut----------------------------------
------------------------------------------------------------------------------
 16/12/2025 12:15:17 Client-Info Client Version: 0.13.0
 16/12/2025 12:15:17 Client-Info Client OS:      Windows
 16/12/2025 12:15:17 Client-Info Server Version: 
 16/12/2025 12:15:17 Middleware::Response Success
------------------------------------------------------------------------------


------------------------------------------------------------------------------
-----------------------------DefaultPrinterManager----------------------------
------------------------------------------------------------------------------
 16/12/2025 12:15:17 Client-Info Client Version: 0.13.0
 16/12/2025 12:15:17 Client-Info Client OS:      Windows
 16/12/2025 12:15:17 Client-Info Server Version: 
 16/12/2025 12:15:17 Middleware::Response Success
------------------------------------------------------------------------------


------------------------------------------------------------------------------
--------------------------------DisplayManager--------------------------------
------------------------------------------------------------------------------
 16/12/2025 12:15:17 Client-Info Client Version: 0.13.0
 16/12/2025 12:15:17 Client-Info Client OS:      Windows
 16/12/2025 12:15:17 Client-Info Server Version: 
 16/12/2025 12:15:17 Middleware::Response Success
 16/12/2025 12:15:17 DisplayManager ERROR: Invalid settings provided
------------------------------------------------------------------------------

 16/12/2025 12:15:17 Service ERROR: Unable to parse sleep time
 16/12/2025 12:15:17 Service ERROR: La cadena de entrada no tiene el formato correcto.
 16/12/2025 12:15:17 Service Sleeping for 60 seconds
 16/12/2025 12:16:17 Middleware::Response Success

------------------------------------------------------------------------------
----------------------------------AutoLogOut----------------------------------
------------------------------------------------------------------------------
 16/12/2025 12:16:17 Client-Info Client Version: 0.13.0
 16/12/2025 12:16:17 Client-Info Client OS:      Windows
 16/12/2025 12:16:17 Client-Info Server Version: 
 16/12/2025 12:16:17 Middleware::Response Success
------------------------------------------------------------------------------


------------------------------------------------------------------------------
-----------------------------DefaultPrinterManager----------------------------
------------------------------------------------------------------------------
 16/12/2025 12:16:17 Client-Info Client Version: 0.13.0
 16/12/2025 12:16:17 Client-Info Client OS:      Windows
 16/12/2025 12:16:17 Client-Info Server Version: 
 16/12/2025 12:16:17 Middleware::Response Success
------------------------------------------------------------------------------


------------------------------------------------------------------------------
--------------------------------DisplayManager--------------------------------
------------------------------------------------------------------------------
 16/12/2025 12:16:17 Client-Info Client Version: 0.13.0
 16/12/2025 12:16:17 Client-Info Client OS:      Windows
 16/12/2025 12:16:17 Client-Info Server Version: 
 16/12/2025 12:16:17 Middleware::Response Success
 16/12/2025 12:16:17 DisplayManager ERROR: Invalid settings provided
------------------------------------------------------------------------------

 16/12/2025 12:16:17 Service ERROR: Unable to parse sleep time
 16/12/2025 12:16:17 Service ERROR: La cadena de entrada no tiene el formato correcto.
 16/12/2025 12:16:17 Service Sleeping for 60 seconds
 16/12/2025 12:17:17 Middleware::Response Success

------------------------------------------------------------------------------
----------------------------------AutoLogOut----------------------------------
------------------------------------------------------------------------------
 16/12/2025 12:17:17 Client-Info Client Version: 0.13.0
 16/12/2025 12:17:17 Client-Info Client OS:      Windows
 16/12/2025 12:17:17 Client-Info Server Version: 
 16/12/2025 12:17:17 Middleware::Response Success
------------------------------------------------------------------------------


------------------------------------------------------------------------------
-----------------------------DefaultPrinterManager----------------------------
------------------------------------------------------------------------------
 16/12/2025 12:17:17 Client-Info Client Version: 0.13.0
 16/12/2025 12:17:17 Client-Info Client OS:      Windows
 16/12/2025 12:17:17 Client-Info Server Version: 
 16/12/2025 12:17:17 Middleware::Response Success
------------------------------------------------------------------------------


------------------------------------------------------------------------------
--------------------------------DisplayManager--------------------------------
------------------------------------------------------------------------------
 16/12/2025 12:17:17 Client-Info Client Version: 0.13.0
 16/12/2025 12:17:17 Client-Info Client OS:      Windows
 16/12/2025 12:17:17 Client-Info Server Version: 
 16/12/2025 12:17:17 Middleware::Response Success
 16/12/2025 12:17:17 DisplayManager ERROR: Invalid settings provided
------------------------------------------------------------------------------

 16/12/2025 12:17:17 Service ERROR: Unable to parse sleep time
 16/12/2025 12:17:17 Service ERROR: La cadena de entrada no tiene el formato correcto.
 16/12/2025 12:17:17 Service Sleeping for 60 seconds
 16/12/2025 12:18:17 Middleware::Response Success

------------------------------------------------------------------------------
----------------------------------AutoLogOut----------------------------------
------------------------------------------------------------------------------
 16/12/2025 12:18:17 Client-Info Client Version: 0.13.0
 16/12/2025 12:18:17 Client-Info Client OS:      Windows
 16/12/2025 12:18:17 Client-Info Server Version: 
 16/12/2025 12:18:17 Middleware::Response Success
------------------------------------------------------------------------------


------------------------------------------------------------------------------
-----------------------------DefaultPrinterManager----------------------------
------------------------------------------------------------------------------
 16/12/2025 12:18:17 Client-Info Client Version: 0.13.0
 16/12/2025 12:18:17 Client-Info Client OS:      Windows
 16/12/2025 12:18:17 Client-Info Server Version: 
 16/12/2025 12:18:17 Middleware::Response Success
------------------------------------------------------------------------------


------------------------------------------------------------------------------
--------------------------------DisplayManager--------------------------------
------------------------------------------------------------------------------
 16/12/2025 12:18:17 Client-Info Client Version: 0.13.0
 16/12/2025 12:18:17 Client-Info Client OS:      Windows
 16/12/2025 12:18:17 Client-Info Server Version: 
 16/12/2025 12:18:17 Middleware::Response Success
 16/12/2025 12:18:17 DisplayManager ERROR: Invalid settings provided
------------------------------------------------------------------------------

 16/12/2025 12:18:17 Service ERROR: Unable to parse sleep time
 16/12/2025 12:18:17 Service ERROR: La cadena de entrada no tiene el formato correcto.
 16/12/2025 12:18:17 Service Sleeping for 60 seconds
 16/12/2025 12:19:17 Middleware::Response Success

------------------------------------------------------------------------------
----------------------------------AutoLogOut----------------------------------
------------------------------------------------------------------------------
 16/12/2025 12:19:17 Client-Info Client Version: 0.13.0
 16/12/2025 12:19:17 Client-Info Client OS:      Windows
 16/12/2025 12:19:17 Client-Info Server Version: 
 16/12/2025 12:19:17 Middleware::Response Success
------------------------------------------------------------------------------


------------------------------------------------------------------------------
-----------------------------DefaultPrinterManager----------------------------
------------------------------------------------------------------------------
 16/12/2025 12:19:17 Client-Info Client Version: 0.13.0
 16/12/2025 12:19:17 Client-Info Client OS:      Windows
 16/12/2025 12:19:17 Client-Info Server Version: 
 16/12/2025 12:19:17 Middleware::Response Success
------------------------------------------------------------------------------


------------------------------------------------------------------------------
--------------------------------DisplayManager--------------------------------
------------------------------------------------------------------------------
 16/12/2025 12:19:17 Client-Info Client Version: 0.13.0
 16/12/2025 12:19:17 Client-Info Client OS:      Windows
 16/12/2025 12:19:17 Client-Info Server Version: 
 16/12/2025 12:19:17 Middleware::Response Success
 16/12/2025 12:19:17 DisplayManager ERROR: Invalid settings provided
------------------------------------------------------------------------------

 16/12/2025 12:19:17 Service ERROR: Unable to parse sleep time
 16/12/2025 12:19:17 Service ERROR: La cadena de entrada no tiene el formato correcto.
 16/12/2025 12:19:17 Service Sleeping for 60 seconds
 16/12/2025 12:20:17 Middleware::Response Success

------------------------------------------------------------------------------
----------------------------------AutoLogOut----------------------------------
------------------------------------------------------------------------------
 16/12/2025 12:20:17 Client-Info Client Version: 0.13.0
 16/12/2025 12:20:17 Client-Info Client OS:      Windows
 16/12/2025 12:20:17 Client-Info Server Version: 
 16/12/2025 12:20:17 Middleware::Response Success
------------------------------------------------------------------------------


------------------------------------------------------------------------------
-----------------------------DefaultPrinterManager----------------------------
------------------------------------------------------------------------------
 16/12/2025 12:20:17 Client-Info Client Version: 0.13.0
 16/12/2025 12:20:17 Client-Info Client OS:      Windows
 16/12/2025 12:20:17 Client-Info Server Version: 
 16/12/2025 12:20:17 Middleware::Response Success
------------------------------------------------------------------------------


------------------------------------------------------------------------------
--------------------------------DisplayManager--------------------------------
------------------------------------------------------------------------------
 16/12/2025 12:20:17 Client-Info Client Version: 0.13.0
 16/12/2025 12:20:17 Client-Info Client OS:      Windows
 16/12/2025 12:20:17 Client-Info Server Version: 
 16/12/2025 12:20:17 Middleware::Response Success
 16/12/2025 12:20:17 DisplayManager ERROR: Invalid settings provided
------------------------------------------------------------------------------

 16/12/2025 12:20:17 Service ERROR: Unable to parse sleep time
 16/12/2025 12:20:17 Service ERROR: La cadena de entrada no tiene el formato correcto.
 16/12/2025 12:20:17 Service Sleeping for 60 seconds
